This is pdfTeX, Version 3.14159265-2.6-1.40.19 (MiKTeX 2.9.6800 64-bit) (preloaded format=pdflatex 2018.9.21)  13 DEC 2018 13:34
entering extended mode
**./final_paper.tex
(final_paper.tex
LaTeX2e <2018-04-01> patch level 5
("C:\Program Files (x86)\MiKTex\tex\latex\base\article.cls"
Document Class: article 2014/09/29 v1.4h Standard LaTeX document class
("C:\Program Files (x86)\MiKTex\tex\latex\base\size10.clo"
File: size10.clo 2014/09/29 v1.4h Standard LaTeX file (size option)
)
\c@part=\count80
\c@section=\count81
\c@subsection=\count82
\c@subsubsection=\count83
\c@paragraph=\count84
\c@subparagraph=\count85
\c@figure=\count86
\c@table=\count87
\abovecaptionskip=\skip41
\belowcaptionskip=\skip42
\bibindent=\dimen102
)
("C:\Program Files (x86)\MiKTex\tex\latex\amsmath\amsmath.sty"
Package: amsmath 2017/09/02 v2.17a AMS math features
\@mathmargin=\skip43

For additional information on amsmath, use the `?' option.
("C:\Program Files (x86)\MiKTex\tex\latex\amsmath\amstext.sty"
Package: amstext 2000/06/29 v2.01 AMS text

("C:\Program Files (x86)\MiKTex\tex\latex\amsmath\amsgen.sty"
File: amsgen.sty 1999/11/30 v2.0 generic functions
\@emptytoks=\toks14
\ex@=\dimen103
))
("C:\Program Files (x86)\MiKTex\tex\latex\amsmath\amsbsy.sty"
Package: amsbsy 1999/11/29 v1.2d Bold Symbols
\pmbraise@=\dimen104
)
("C:\Program Files (x86)\MiKTex\tex\latex\amsmath\amsopn.sty"
Package: amsopn 2016/03/08 v2.02 operator names
)
\inf@bad=\count88
LaTeX Info: Redefining \frac on input line 213.
\uproot@=\count89
\leftroot@=\count90
LaTeX Info: Redefining \overline on input line 375.
\classnum@=\count91
\DOTSCASE@=\count92
LaTeX Info: Redefining \ldots on input line 472.
LaTeX Info: Redefining \dots on input line 475.
LaTeX Info: Redefining \cdots on input line 596.
\Mathstrutbox@=\box26
\strutbox@=\box27
\big@size=\dimen105
LaTeX Font Info:    Redeclaring font encoding OML on input line 712.
LaTeX Font Info:    Redeclaring font encoding OMS on input line 713.
\macc@depth=\count93
\c@MaxMatrixCols=\count94
\dotsspace@=\muskip10
\c@parentequation=\count95
\dspbrk@lvl=\count96
\tag@help=\toks15
\row@=\count97
\column@=\count98
\maxfields@=\count99
\andhelp@=\toks16
\eqnshift@=\dimen106
\alignsep@=\dimen107
\tagshift@=\dimen108
\tagwidth@=\dimen109
\totwidth@=\dimen110
\lineht@=\dimen111
\@envbody=\toks17
\multlinegap=\skip44
\multlinetaggap=\skip45
\mathdisplay@stack=\toks18
LaTeX Info: Redefining \[ on input line 2817.
LaTeX Info: Redefining \] on input line 2818.
)
("C:\Program Files (x86)\MiKTex\tex\latex\amsfonts\amssymb.sty"
Package: amssymb 2013/01/14 v3.01 AMS font symbols

("C:\Program Files (x86)\MiKTex\tex\latex\amsfonts\amsfonts.sty"
Package: amsfonts 2013/01/14 v3.01 Basic AMSFonts support
\symAMSa=\mathgroup4
\symAMSb=\mathgroup5
LaTeX Font Info:    Overwriting math alphabet `\mathfrak' in version `bold'
(Font)                  U/euf/m/n --> U/euf/b/n on input line 106.
))
("C:\Program Files (x86)\MiKTex\tex\latex\graphics\graphicx.sty"
Package: graphicx 2017/06/01 v1.1a Enhanced LaTeX Graphics (DPC,SPQR)

("C:\Program Files (x86)\MiKTex\tex\latex\graphics\keyval.sty"
Package: keyval 2014/10/28 v1.15 key=value parser (DPC)
\KV@toks@=\toks19
)
("C:\Program Files (x86)\MiKTex\tex\latex\graphics\graphics.sty"
Package: graphics 2017/06/25 v1.2c Standard LaTeX Graphics (DPC,SPQR)

("C:\Program Files (x86)\MiKTex\tex\latex\graphics\trig.sty"
Package: trig 2016/01/03 v1.10 sin cos tan (DPC)
)
("C:\Program Files (x86)\MiKTex\tex\latex\graphics-cfg\graphics.cfg"
File: graphics.cfg 2016/06/04 v1.11 sample graphics configuration
)
Package graphics Info: Driver file: pdftex.def on input line 99.

("C:\Program Files (x86)\MiKTex\tex\latex\graphics-def\pdftex.def"
File: pdftex.def 2018/01/08 v1.0l Graphics/color driver for pdftex
))
\Gin@req@height=\dimen112
\Gin@req@width=\dimen113
)
(C:\Users\mivan\AppData\Roaming\MiKTeX\2.9\tex\latex\caption\subcaption.sty
Package: subcaption 2016/05/22 v1.1-161 Sub-captions (AR)

(C:\Users\mivan\AppData\Roaming\MiKTeX\2.9\tex\latex\caption\caption.sty
Package: caption 2016/02/21 v3.3-144 Customizing captions (AR)

(C:\Users\mivan\AppData\Roaming\MiKTeX\2.9\tex\latex\caption\caption3.sty
Package: caption3 2016/05/22 v1.7-166 caption3 kernel (AR)
Package caption3 Info: TeX engine: e-TeX on input line 67.
\captionmargin=\dimen114
\captionmargin@=\dimen115
\captionwidth=\dimen116
\caption@tempdima=\dimen117
\caption@indent=\dimen118
\caption@parindent=\dimen119
\caption@hangindent=\dimen120
)
\c@ContinuedFloat=\count100
)
\c@subfigure=\count101
\c@subtable=\count102
)
(final_paper.aux)
\openout1 = `final_paper.aux'.

LaTeX Font Info:    Checking defaults for OML/cmm/m/it on input line 12.
LaTeX Font Info:    ... okay on input line 12.
LaTeX Font Info:    Checking defaults for T1/cmr/m/n on input line 12.
LaTeX Font Info:    ... okay on input line 12.
LaTeX Font Info:    Checking defaults for OT1/cmr/m/n on input line 12.
LaTeX Font Info:    ... okay on input line 12.
LaTeX Font Info:    Checking defaults for OMS/cmsy/m/n on input line 12.
LaTeX Font Info:    ... okay on input line 12.
LaTeX Font Info:    Checking defaults for OMX/cmex/m/n on input line 12.
LaTeX Font Info:    ... okay on input line 12.
LaTeX Font Info:    Checking defaults for U/cmr/m/n on input line 12.
LaTeX Font Info:    ... okay on input line 12.

(C:\Users\mivan\AppData\Roaming\MiKTeX\2.9\tex\context\base\supp-pdf.mkii
[Loading MPS to PDF converter (version 2006.09.02).]
\scratchcounter=\count103
\scratchdimen=\dimen121
\scratchbox=\box28
\nofMPsegments=\count104
\nofMParguments=\count105
\everyMPshowfont=\toks20
\MPscratchCnt=\count106
\MPscratchDim=\dimen122
\MPnumerator=\count107
\makeMPintoPDFobject=\count108
\everyMPtoPDFconversion=\toks21
) ("C:\Program Files (x86)\MiKTex\tex\latex\oberdiek\epstopdf-base.sty"
Package: epstopdf-base 2016/05/15 v2.6 Base part for package epstopdf

("C:\Program Files (x86)\MiKTex\tex\generic\oberdiek\infwarerr.sty"
Package: infwarerr 2016/05/16 v1.4 Providing info/warning/error messages (HO)
)
("C:\Program Files (x86)\MiKTex\tex\latex\oberdiek\grfext.sty"
Package: grfext 2016/05/16 v1.2 Manage graphics extensions (HO)

("C:\Program Files (x86)\MiKTex\tex\generic\oberdiek\kvdefinekeys.sty"
Package: kvdefinekeys 2016/05/16 v1.4 Define keys (HO)

("C:\Program Files (x86)\MiKTex\tex\generic\oberdiek\ltxcmds.sty"
Package: ltxcmds 2016/05/16 v1.23 LaTeX kernel commands for general use (HO)
)))
("C:\Program Files (x86)\MiKTex\tex\latex\oberdiek\kvoptions.sty"
Package: kvoptions 2016/05/16 v3.12 Key value format for package options (HO)

("C:\Program Files (x86)\MiKTex\tex\generic\oberdiek\kvsetkeys.sty"
Package: kvsetkeys 2016/05/16 v1.17 Key value parser (HO)

("C:\Program Files (x86)\MiKTex\tex\generic\oberdiek\etexcmds.sty"
Package: etexcmds 2016/05/16 v1.6 Avoid name clashes with e-TeX commands (HO)

("C:\Program Files (x86)\MiKTex\tex\generic\oberdiek\ifluatex.sty"
Package: ifluatex 2016/05/16 v1.4 Provides the ifluatex switch (HO)
Package ifluatex Info: LuaTeX not detected.
)
Package etexcmds Info: Could not find \expanded.
(etexcmds)             That can mean that you are not using pdfTeX 1.50 or
(etexcmds)             that some package has redefined \expanded.
(etexcmds)             In the latter case, load this package earlier.
)))
("C:\Program Files (x86)\MiKTex\tex\generic\oberdiek\pdftexcmds.sty"
Package: pdftexcmds 2018/09/10 v0.29 Utility functions of pdfTeX for LuaTeX (HO
)

("C:\Program Files (x86)\MiKTex\tex\generic\oberdiek\ifpdf.sty"
Package: ifpdf 2018/09/07 v3.3 Provides the ifpdf switch
)
Package pdftexcmds Info: LuaTeX not detected.
Package pdftexcmds Info: \pdf@primitive is available.
Package pdftexcmds Info: \pdf@ifprimitive is available.
Package pdftexcmds Info: \pdfdraftmode found.
)
Package epstopdf-base Info: Redefining graphics rule for `.eps' on input line 4
38.
Package grfext Info: Graphics extension search list:
(grfext)             [.pdf,.png,.jpg,.mps,.jpeg,.jbig2,.jb2,.PDF,.PNG,.JPG,.JPE
G,.JBIG2,.JB2,.eps]
(grfext)             \AppendGraphicsExtensions on input line 456.
)
Package caption Info: Begin \AtBeginDocument code.
Package caption Info: End \AtBeginDocument code.
LaTeX Font Info:    Try loading font information for U+msa on input line 21.

("C:\Program Files (x86)\MiKTex\tex\latex\amsfonts\umsa.fd"
File: umsa.fd 2013/01/14 v3.01 AMS symbols A
)
LaTeX Font Info:    Try loading font information for U+msb on input line 21.

("C:\Program Files (x86)\MiKTex\tex\latex\amsfonts\umsb.fd"
File: umsb.fd 2013/01/14 v3.01 AMS symbols B
) [1

{C:/Users/mivan/AppData/Local/MiKTeX/2.9/pdftex/config/pdftex.map}]
<final_paper/hydra.jpg, id=10, 523.9575pt x 437.635pt>
File: final_paper/hydra.jpg Graphic file (type jpg)
<use final_paper/hydra.jpg>
Package pdftex.def Info: final_paper/hydra.jpg  used on input line 46.
(pdftex.def)             Requested size: 183.38786pt x 153.17455pt.
 [2 <./final_paper/hydra.jpg>]
LaTeX Font Info:    Try loading font information for OMS+cmr on input line 60.
 ("C:\Program Files (x86)\MiKTex\tex\latex\base\omscmr.fd"
File: omscmr.fd 2014/09/29 v2.5h Standard LaTeX font definitions
)
LaTeX Font Info:    Font shape `OMS/cmr/m/n' in size <10> not available
(Font)              Font shape `OMS/cmsy/m/n' tried instead on input line 60.
<old/hydra_movements.png, id=18, 422.57875pt x 421.575pt>
File: old/hydra_movements.png Graphic file (type png)
<use old/hydra_movements.png>
Package pdftex.def Info: old/hydra_movements.png  used on input line 67.
(pdftex.def)             Requested size: 211.28885pt x 210.78697pt.
<old/hydra_map.png, id=19, 548.0475pt x 392.46625pt>
File: old/hydra_map.png Graphic file (type png)
<use old/hydra_map.png>
Package pdftex.def Info: old/hydra_map.png  used on input line 74.
(pdftex.def)             Requested size: 274.02307pt x 196.23264pt.
 [3] [4 <./old/hydra_movements.png> <./old/hydra_map.png>]
<final_paper/lifV.jpg, id=29, 1124.2pt x 843.15pt>
File: final_paper/lifV.jpg Graphic file (type jpg)
<use final_paper/lifV.jpg>
Package pdftex.def Info: final_paper/lifV.jpg  used on input line 96.
(pdftex.def)             Requested size: 168.18855pt x 126.13254pt.
<final_paper/lifI.jpg, id=30, 1124.2pt x 843.15pt>
File: final_paper/lifI.jpg Graphic file (type jpg)
<use final_paper/lifI.jpg>
Package pdftex.def Info: final_paper/lifI.jpg  used on input line 102.
(pdftex.def)             Requested size: 168.18855pt x 126.13254pt.
 [5 <./final_paper/lifV.jpg> <./final_paper/lifI.jpg>]
<final_paper/noinhib.jpg, id=37, 1124.2pt x 843.15pt>
File: final_paper/noinhib.jpg Graphic file (type jpg)
<use final_paper/noinhib.jpg>
Package pdftex.def Info: final_paper/noinhib.jpg  used on input line 126.
(pdftex.def)             Requested size: 281.04932pt x 210.78697pt.
<final_paper/inhib.jpg, id=38, 1124.2pt x 843.15pt>
File: final_paper/inhib.jpg Graphic file (type jpg)
<use final_paper/inhib.jpg>
Package pdftex.def Info: final_paper/inhib.jpg  used on input line 132.
(pdftex.def)             Requested size: 281.04932pt x 210.78697pt.
 [6]

LaTeX Warning: Text page 7 contains only floats.

[7 <./final_paper/noinhib.jpg> <./final_paper/inhib.jpg>] [8] [9] [10] [11]
Overfull \hbox (0.47273pt too wide) in paragraph at lines 215--216
[]\OT1/cmr/m/n/10 If the neu-ron fired re-cently, cal-cu-late what the re-cov-e
ry volt-age should
 []

[12]
Overfull \hbox (4.75087pt too wide) in paragraph at lines 248--248
[]\OT1/cmr/bx/n/10 Incorporation of Hy-dra an-tag-o-nis-tic neu-rons into mod-i
-fied SNN 
 []

[13] [14] [15]
Overfull \hbox (27.74675pt too wide) in paragraph at lines 493--493
[]\OT1/cmtt/m/n/10 // these values should be set by a separate program before c
ompile time[] 
 []


Overfull \hbox (43.49661pt too wide) in paragraph at lines 493--493
[]\OT1/cmtt/m/n/10 // input/output size is up to 65535, this can be changed rel
atively easily[] 
 []

[16]
Overfull \hbox (17.24684pt too wide) in paragraph at lines 493--493
[]\OT1/cmtt/m/n/10 // percentage of voltage remaining after every timestep, if 
not fired[] 
 []


Overfull \hbox (6.74693pt too wide) in paragraph at lines 493--493
[]\OT1/cmtt/m/n/10 inline bool operator() (const spike & lhs, const spike & rhs
) const[] 
 []


Overfull \hbox (64.49643pt too wide) in paragraph at lines 493--493
[]\OT1/cmtt/m/n/10 typedef priority_queue < spike, vector < spike >, spike_time
sort > spikeTrain;[] 
 []

[17]
Overfull \hbox (27.74675pt too wide) in paragraph at lines 493--493
[]\OT1/cmtt/m/n/10 // custom type of "neuron_coord" as a size_t array of length
 NUM_LAYERS[] 
 []


Overfull \hbox (6.74693pt too wide) in paragraph at lines 493--493
[]  \OT1/cmtt/m/n/10 inline neuron_coord nrn_crd_replace(uint8_t layer, uint8_t
 value)[] 
 []

[18]
Overfull \hbox (11.99689pt too wide) in paragraph at lines 493--493
[]  \OT1/cmtt/m/n/10 coord_pair(neuron_coord & a, neuron_coord & b) : in(a), ou
t (b) {}[] 
 []

[19]
Overfull \hbox (6.74693pt too wide) in paragraph at lines 563--563
[]\OT1/cmtt/m/n/10 // FIXME: optimize by reading several before calling heapify
 again?[] 
 []


Overfull \hbox (11.99689pt too wide) in paragraph at lines 563--563
[]  \OT1/cmtt/m/n/10 // if the time is too far in the past, reset voltage to re
st value[] 
 []

[20] [21] [22] [23]
Overfull \hbox (22.4968pt too wide) in paragraph at lines 703--703
[]            \OT1/cmtt/m/n/10 fout << data[i][j].wgt << " " << data[i][j].dela
y << "\t";[] 
 []

[24]
Overfull \hbox (6.74693pt too wide) in paragraph at lines 887--887
[]\OT1/cmtt/m/n/10 unordered_map < neuron_coord, neuron, coordHasher > active_n
eurons;[] 
 []


Overfull \hbox (6.74693pt too wide) in paragraph at lines 887--887
[]\OT1/cmtt/m/n/10 unordered_map < coord_pair, edge_base, coordPairHasher > mod
_edges;[] 
 []


Overfull \hbox (80.24629pt too wide) in paragraph at lines 887--887
[]    \OT1/cmtt/m/n/10 CHK_ERROR_FATAL(filenames.size() != NUM_LAYERS, "wrong n
umber of filenames");[] 
 []

[25]
Overfull \hbox (17.24684pt too wide) in paragraph at lines 887--887
[]            \OT1/cmtt/m/n/10 // try to see if there is a spike at the current
 timestep[] 
 []


Overfull \hbox (22.4968pt too wide) in paragraph at lines 887--887
[]            \OT1/cmtt/m/n/10 // if there are no spikes, test the time since l
ast update[] 
 []


Overfull \hbox (43.49661pt too wide) in paragraph at lines 887--887
[]                \OT1/cmtt/m/n/10 // if it has been long enough, mark the neur
on for removal[] 
 []

[26]
Overfull \hbox (38.24666pt too wide) in paragraph at lines 887--887
[]\OT1/cmtt/m/n/10 // recursive function to fire all neurons adjacent to an inp
ut neuron "n"[] 
 []


Overfull \hbox (90.7462pt too wide) in paragraph at lines 887--887
[]        \OT1/cmtt/m/n/10 // access graph_testing 's data at n.c[layer] (the c
oordinate in the layer)[] 
 []


Overfull \hbox (1.49698pt too wide) in paragraph at lines 887--887
[]        \OT1/cmtt/m/n/10 // this tells us if the neuron with identical coordi
nates,[] 
 []


Overfull \hbox (48.74657pt too wide) in paragraph at lines 887--887
[]                \OT1/cmtt/m/n/10 coord_pair(coord, coord.nrn_crd_replace(laye
r, i)), layer);[] 
 []

[27]
Overfull \hbox (11.99689pt too wide) in paragraph at lines 887--887
[]        \OT1/cmtt/m/n/10 edge_base & e = layers[ L ].data[ p.in[ L ] ][ p.out
[ L ] ];[] 
 []

[28] (final_paper.aux) ) 
Here is how much of TeX's memory you used:
 3539 strings out of 492972
 52465 string characters out of 3135001
 119533 words of memory out of 3000000
 7357 multiletter control sequences out of 15000+200000
 12983 words of font info for 50 fonts, out of 3000000 for 9000
 1141 hyphenation exceptions out of 8191
 42i,12n,40p,1291b,345s stack positions out of 5000i,500n,10000p,200000b,50000s
<C:/Program Files (x86)/MiKTex/fonts/type1/public/amsfo
nts/cm/cmbx10.pfb><C:/Program Files (x86)/MiKTex/fonts/type1/public/amsfonts/cm
/cmbx12.pfb><C:/Program Files (x86)/MiKTex/fonts/type1/public/amsfonts/cm/cmbx9
.pfb><C:/Program Files (x86)/MiKTex/fonts/type1/public/amsfonts/cm/cmbxti10.pfb
><C:/Program Files (x86)/MiKTex/fonts/type1/public/amsfonts/cm/cmex10.pfb><C:/P
rogram Files (x86)/MiKTex/fonts/type1/public/amsfonts/cm/cmmi10.pfb><C:/Program
 Files (x86)/MiKTex/fonts/type1/public/amsfonts/cm/cmmi7.pfb><C:/Program Files 
(x86)/MiKTex/fonts/type1/public/amsfonts/cm/cmr10.pfb><C:/Program Files (x86)/M
iKTex/fonts/type1/public/amsfonts/cm/cmr12.pfb><C:/Program Files (x86)/MiKTex/f
onts/type1/public/amsfonts/cm/cmr17.pfb><C:/Program Files (x86)/MiKTex/fonts/ty
pe1/public/amsfonts/cm/cmr7.pfb><C:/Program Files (x86)/MiKTex/fonts/type1/publ
ic/amsfonts/cm/cmsy10.pfb><C:/Program Files (x86)/MiKTex/fonts/type1/public/ams
fonts/cm/cmsy7.pfb><C:/Program Files (x86)/MiKTex/fonts/type1/public/amsfonts/c
m/cmti10.pfb><C:/Program Files (x86)/MiKTex/fonts/type1/public/amsfonts/cm/cmtt
10.pfb><C:/Program Files (x86)/MiKTex/fonts/type1/public/amsfonts/symbols/msbm1
0.pfb>
Output written on final_paper.pdf (28 pages, 1751726 bytes).
PDF statistics:
 167 PDF objects out of 1000 (max. 8388607)
 0 named destinations out of 1000 (max. 500000)
 36 words of extra memory for PDF output out of 10000 (max. 10000000)

