This is pdfTeX, Version 3.14159265-2.6-1.40.19 (MiKTeX 2.9.6800 64-bit) (preloaded format=pdflatex 2018.9.21)  4 DEC 2018 15:35
entering extended mode
**./Presentation.tex
(Presentation.tex
LaTeX2e <2018-04-01> patch level 5
("C:\Program Files (x86)\MiKTex\tex\latex\beamer\beamer.cls"
Document Class: beamer 2018/09/06 v3.53 A class for typesetting presentations

! LaTeX Error: File `beamerbasemodes.sty' not found.

Type X to quit or <RETURN> to proceed,
or enter new name. (Default extension: sty)

Enter file name: 
! Emergency stop.
<read *> 
         
l.20 
      
*** (cannot \read from terminal in nonstop modes)

 
Here is how much of TeX's memory you used:
 20 strings out of 492972
 541 string characters out of 3135001
 57519 words of memory out of 3000000
 3984 multiletter control sequences out of 15000+200000
 3640 words of font info for 14 fonts, out of 3000000 for 9000
 1141 hyphenation exceptions out of 8191
 17i,0n,10p,95b,8s stack positions out of 5000i,500n,10000p,200000b,50000s
!  ==> Fatal error occurred, no output PDF file produced!
